# JRE version: Java(TM) SE Runtime Environment (8.0_202-b08) (build 1.8.0_202-b08)
# Java VM: Java HotSpot(TM) 64-Bit Server VM (25.202-b08 mixed mode windows-amd64 compressed oops)
Heap:
 PSYoungGen      total 125440K, used 115036K [0x00000000f5580000, 0x0000000100000000, 0x0000000100000000)
  eden space 101888K, 89% used [0x00000000f5580000,0x00000000faedc1a0,0x00000000fb900000)
  from space 23552K, 99% used [0x00000000fe900000,0x00000000ffffb078,0x0000000100000000)
  to   space 36352K, 0% used [0x00000000fb900000,0x00000000fb900000,0x00000000fdc80000)
 ParOldGen       total 92672K, used 34654K [0x00000000e0000000, 0x00000000e5a80000, 0x00000000f5580000)
  object space 92672K, 37% used [0x00000000e0000000,0x00000000e21d7910,0x00000000e5a80000)
 Metaspace       used 35634K, capacity 36236K, committed 36528K, reserved 1081344K
  class space    used 4564K, capacity 4724K, committed 4784K, reserved 1048576K
GC Heap History (10 events):
Event: 4.287 GC heap before
{Heap before GC invocations=10 (full 1):
 PSYoungGen      total 109056K, used 108766K [0x00000000f5580000, 0x00000000fe100000, 0x0000000100000000)
  eden space 104448K, 100% used [0x00000000f5580000,0x00000000fbb80000,0x00000000fbb80000)
  from space 4608K, 93% used [0x00000000fdc80000,0x00000000fe0b7878,0x00000000fe100000)
  to   space 7168K, 0% used [0x00000000fd300000,0x00000000fd300000,0x00000000fda00000)
 ParOldGen       total 51712K, used 4781K [0x00000000e0000000, 0x00000000e3280000, 0x00000000f5580000)
  object space 51712K, 9% used [0x00000000e0000000,0x00000000e04ab420,0x00000000e3280000)
 Metaspace       used 29875K, capacity 30216K, committed 30640K, reserved 1075200K
  class space    used 3850K, capacity 3951K, committed 4016K, reserved 1048576K
Event: 4.298 GC heap after
Heap after GC invocations=10 (full 1):
 PSYoungGen      total 135680K, used 7142K [0x00000000f5580000, 0x00000000ff400000, 0x0000000100000000)
  eden space 128512K, 0% used [0x00000000f5580000,0x00000000f5580000,0x00000000fd300000)
  from space 7168K, 99% used [0x00000000fd300000,0x00000000fd9f98e0,0x00000000fda00000)
  to   space 11264K, 0% used [0x00000000fe900000,0x00000000fe900000,0x00000000ff400000)
 ParOldGen       total 51712K, used 13374K [0x00000000e0000000, 0x00000000e3280000, 0x00000000f5580000)
  object space 51712K, 25% used [0x00000000e0000000,0x00000000e0d0fae8,0x00000000e3280000)
 Metaspace       used 29875K, capacity 30216K, committed 30640K, reserved 1075200K
  class space    used 3850K, capacity 3951K, committed 4016K, reserved 1048576K
}
Event: 11.235 GC heap before
{Heap before GC invocations=11 (full 1):
 PSYoungGen      total 135680K, used 135654K [0x00000000f5580000, 0x00000000ff400000, 0x0000000100000000)
  eden space 128512K, 100% used [0x00000000f5580000,0x00000000fd300000,0x00000000fd300000)
  from space 7168K, 99% used [0x00000000fd300000,0x00000000fd9f98e0,0x00000000fda00000)
  to   space 11264K, 0% used [0x00000000fe900000,0x00000000fe900000,0x00000000ff400000)
 ParOldGen       total 51712K, used 13374K [0x00000000e0000000, 0x00000000e3280000, 0x00000000f5580000)
  object space 51712K, 25% used [0x00000000e0000000,0x00000000e0d0fae8,0x00000000e3280000)
 Metaspace       used 33621K, capacity 34194K, committed 34480K, reserved 1079296K
  class space    used 4274K, capacity 4429K, committed 4528K, reserved 1048576K
Event: 11.246 GC heap after
Heap after GC invocations=11 (full 1):
 PSYoungGen      total 144896K, used 11232K [0x00000000f5580000, 0x0000000100000000, 0x0000000100000000)
  eden space 133632K, 0% used [0x00000000f5580000,0x00000000f5580000,0x00000000fd800000)
  from space 11264K, 99% used [0x00000000fe900000,0x00000000ff3f8080,0x00000000ff400000)
  to   space 17408K, 0% used [0x00000000fd800000,0x00000000fd800000,0x00000000fe900000)
 ParOldGen       total 51712K, used 26833K [0x00000000e0000000, 0x00000000e3280000, 0x00000000f5580000)
  object space 51712K, 51% used [0x00000000e0000000,0x00000000e1a347e0,0x00000000e3280000)
 Metaspace       used 33621K, capacity 34194K, committed 34480K, reserved 1079296K
  class space    used 4274K, capacity 4429K, committed 4528K, reserved 1048576K
}
Event: 12.015 GC heap before
{Heap before GC invocations=12 (full 1):
 PSYoungGen      total 144896K, used 144864K [0x00000000f5580000, 0x0000000100000000, 0x0000000100000000)
  eden space 133632K, 100% used [0x00000000f5580000,0x00000000fd800000,0x00000000fd800000)
  from space 11264K, 99% used [0x00000000fe900000,0x00000000ff3f8080,0x00000000ff400000)
  to   space 17408K, 0% used [0x00000000fd800000,0x00000000fd800000,0x00000000fe900000)
 ParOldGen       total 51712K, used 26833K [0x00000000e0000000, 0x00000000e3280000, 0x00000000f5580000)
  object space 51712K, 51% used [0x00000000e0000000,0x00000000e1a347e0,0x00000000e3280000)
 Metaspace       used 34428K, capacity 35012K, committed 35376K, reserved 1079296K
  class space    used 4417K, capacity 4574K, committed 4656K, reserved 1048576K
Event: 12.033 GC heap after
Heap after GC invocations=12 (full 1):
 PSYoungGen      total 151040K, used 17382K [0x00000000f5580000, 0x0000000100000000, 0x0000000100000000)
  eden space 133632K, 0% used [0x00000000f5580000,0x00000000f5580000,0x00000000fd800000)
  from space 17408K, 99% used [0x00000000fd800000,0x00000000fe8f9ad0,0x00000000fe900000)
  to   space 23552K, 0% used [0x00000000fe900000,0x00000000fe900000,0x0000000100000000)
 ParOldGen       total 51712K, used 44776K [0x00000000e0000000, 0x00000000e3280000, 0x00000000f5580000)
  object space 51712K, 86% used [0x00000000e0000000,0x00000000e2bba1e8,0x00000000e3280000)
 Metaspace       used 34428K, capacity 35012K, committed 35376K, reserved 1079296K
  class space    used 4417K, capacity 4574K, committed 4656K, reserved 1048576K
}
Event: 12.033 GC heap before
{Heap before GC invocations=13 (full 2):
 PSYoungGen      total 151040K, used 17382K [0x00000000f5580000, 0x0000000100000000, 0x0000000100000000)
  eden space 133632K, 0% used [0x00000000f5580000,0x00000000f5580000,0x00000000fd800000)
  from space 17408K, 99% used [0x00000000fd800000,0x00000000fe8f9ad0,0x00000000fe900000)
  to   space 23552K, 0% used [0x00000000fe900000,0x00000000fe900000,0x0000000100000000)
 ParOldGen       total 51712K, used 44776K [0x00000000e0000000, 0x00000000e3280000, 0x00000000f5580000)
  object space 51712K, 86% used [0x00000000e0000000,0x00000000e2bba1e8,0x00000000e3280000)
 Metaspace       used 34428K, capacity 35012K, committed 35376K, reserved 1079296K
  class space    used 4417K, capacity 4574K, committed 4656K, reserved 1048576K
Event: 12.068 GC heap after
Heap after GC invocations=13 (full 2):
 PSYoungGen      total 151040K, used 0K [0x00000000f5580000, 0x0000000100000000, 0x0000000100000000)
  eden space 133632K, 0% used [0x00000000f5580000,0x00000000f5580000,0x00000000fd800000)
  from space 17408K, 0% used [0x00000000fd800000,0x00000000fd800000,0x00000000fe900000)
  to   space 23552K, 0% used [0x00000000fe900000,0x00000000fe900000,0x0000000100000000)
 ParOldGen       total 92672K, used 17186K [0x00000000e0000000, 0x00000000e5a80000, 0x00000000f5580000)
  object space 92672K, 18% used [0x00000000e0000000,0x00000000e10c8948,0x00000000e5a80000)
 Metaspace       used 34428K, capacity 35012K, committed 35376K, reserved 1079296K
  class space    used 4417K, capacity 4574K, committed 4656K, reserved 1048576K
}
Event: 12.749 GC heap before
{Heap before GC invocations=14 (full 2):
 PSYoungGen      total 151040K, used 133632K [0x00000000f5580000, 0x0000000100000000, 0x0000000100000000)
  eden space 133632K, 100% used [0x00000000f5580000,0x00000000fd800000,0x00000000fd800000)
  from space 17408K, 0% used [0x00000000fd800000,0x00000000fd800000,0x00000000fe900000)
  to   space 23552K, 0% used [0x00000000fe900000,0x00000000fe900000,0x0000000100000000)
 ParOldGen       total 92672K, used 17186K [0x00000000e0000000, 0x00000000e5a80000, 0x00000000f5580000)
  object space 92672K, 18% used [0x00000000e0000000,0x00000000e10c8948,0x00000000e5a80000)
 Metaspace       used 35422K, capacity 35988K, committed 36272K, reserved 1081344K
  class space    used 4543K, capacity 4708K, committed 4784K, reserved 1048576K
Event: 12.769 GC heap after
Heap after GC invocations=14 (full 2):
 PSYoungGen      total 125440K, used 23532K [0x00000000f5580000, 0x0000000100000000, 0x0000000100000000)
  eden space 101888K, 0% used [0x00000000f5580000,0x00000000f5580000,0x00000000fb900000)
  from space 23552K, 99% used [0x00000000fe900000,0x00000000ffffb078,0x0000000100000000)
  to   space 36352K, 0% used [0x00000000fb900000,0x00000000fb900000,0x00000000fdc80000)
 ParOldGen       total 92672K, used 34654K [0x00000000e0000000, 0x00000000e5a80000, 0x00000000f5580000)
  object space 92672K, 37% used [0x00000000e0000000,0x00000000e21d7910,0x00000000e5a80000)
 Metaspace       used 35422K, capacity 35988K, committed 36272K, reserved 1081344K
  class space    used 4543K, capacity 4708K, committed 4784K, reserved 1048576K
}

